BATCH OUTPUT

  The `ai speech batch` command manages Azure Speech Service batch operations.

  BATCH DOWNLOAD FILE OUTPUT

    When using `ai speech batch download` or `ai speech batch transcription download`, the
    `--output file` option specifies the name of the downloaded file.
    
    Use this option when you want to use a different filename than the default.

    SEE ALSO

      ai help speech batch transcription download
      ai help speech batch download output file
      ai help speech batch download

  BATCH OPERATION REQUEST OUTPUT

    For all `ai speech batch` commands, the `--output request` option writes the
    HTTP request into the file specified.
    
    Use this option to inspect how the REST API operates.

    SEE ALSO

      ai help speech batch output request
      ai help speech batch output json

  BATCH OPERATION RESPONSE OUTPUT

    For all `ai speech batch` commands, the `--output json` option writes the service
    JSON response into the file specified.
    
    Use this option to save the service JSON response.

    SEE ALSO

      ai help speech batch output json
      ai help speech batch output request

  BATCH RESOURCE REFERENCE OUTPUT - URL or ID

    For the `ai speech batch` `create` and `status` commands, the `--output url` and
    `--output id` options write the batch resource reference into the AI
    datastore configuration file specified.
    
    Use this option to chain together multiple batch commands
    in sequence, or to subsequently use the reference
    without parsing the service JSON response. 

    SEE ALSO

      ai help speech batch transcription create
      ai help speech batch transcription status
      ai help speech batch output id
      ai help speech batch output url

  BATCH RESOURCE REFERENCE LIST OUTPUT - URLs or IDs

    The `--output urls` and `--output ids` options write the list of batch
    resource references into the AI datastore configuration file specified.
  
    Use this option to chain together multiple batch commands
    in sequence, or to subsequently use the reference
    list without parsing the service JSON response. 

    SEE ALSO
    
      ai help speech batch output ids
      ai help speech batch output urls

SEE ALSO

  ai help speech config
  ai help speech batch transcription
