INTENT OUTPUT

@include.the.intent.command

  Recognition output approaches:
  (1) Per event output - Specified items are accumulated and output per event
  (2) Combined output - Specified items are accumulated and output per audio stream
  (3) Batch output - Recognition output is similar to `ai speech batch` transcriptions
  
  For (1) and (2), one or more items from a large set of items may be chosen
  to output, in either JSON or TSV format.

  For (3), a fixed set of ITEMs are output, both combined and segmented by
  service determined utterance boundaries, as well as some stream summary
  information.

  (1) To use per event output, see: ai help speech intent output each
  (2) To use combined output, see: ai help speech intent output all
  (3) To use batch output, see ai help speech intent output batch

EXAMPLES

  ai speech intent --file hello.wav --output all id --output all sessionid --output all text
  ai speech intent --once --output each event --output all sessionid --output each text
  ai speech intent --once --output batch json --output batch file my.output.json

  ai config speech @default.output --clear
  ai config speech @default.output --add output.all.id true
  ai config speech @default.output --add output.all.sessionid true
  ai config speech @default.output --add output.all.text true

SEE ALSO

  ai help speech config
  ai help speech batch transcription
  ai help speech intent
