TRANSLATE LOG

@include.the.translate.command

@include.the.log.option

  The `--content logging enabled` option enables service level logging
  of the audio content and translation results.

USAGE: ai speech translate [...] --log FILENAME
   OR: ai speech translate [...] --content logging enabled

  NOTE: Default SDK logging uses the `@log.time` preset template

    diagnostics.config.log.file=log-{run.time}.log

EXAMPLES

  ai speech translate --file hello.wav --log log.log --source en-US --target de
  ai speech translate --file hello.wav --log {id}.log --source en-US --target de
  ai speech translate --file hello.wav --log {config.region}.log --source en-US --target de

  ai speech translate --file hello.wav --content logging enabled --source en-US --target de

  ai config speech @default.log --clear
  ai config speech @default.log --set @@none
  ai config speech @default.log --set log {config.region}-{id}-{run.time}.log
  ai config speech @default.log --add content.logging.enabled true

SEE ALSO

  ai help speech translate
