INTENT LOG

@include.the.intent.command

@include.the.log.option

  The `--content logging enabled` option enables service level logging
  of the audio content and intent recognition results.

USAGE: spx intent [...] --log FILENAME
   OR: spx intent [...] --content logging enabled

  NOTE: Default SDK logging uses the `@log.time` preset template

    diagnostics.config.log.file=log-{run.time}.log

EXAMPLES

  spx intent --file hello.wav --log log.log
  spx intent --file hello.wav --log {id}.log
  spx intent --file hello.wav --log {config.region}.log

  spx intent --file hello.wav --content logging enabled

  spx config intent @default.log --clear
  spx config intent @default.log --set @none
  spx config intent @default.log --set log {config.region}-{id}-{run.time}.log
  spx config intent @default.log --add content.logging.enabled true

SEE ALSO

  spx help intent
