TRANSLATE LOG

@include.the.translate.command

@include.the.log.option

  The `--content logging enabled` option enables service level logging
  of the audio content and translation results.

USAGE: spx translate [...] --log FILENAME
   OR: spx translate [...] --content logging enabled

  NOTE: Default SDK logging uses the `@log.time` preset template

    diagnostics.config.log.file=log-{run.time}.log

EXAMPLES

  spx translate --file hello.wav --log log.log --source en-US --target de
  spx translate --file hello.wav --log {id}.log --source en-US --target de
  spx translate --file hello.wav --log {config.region}.log --source en-US --target de

  spx translate --file hello.wav --content logging enabled --source en-US --target de

  spx config translate @default.log --clear
  spx config translate @default.log --set @@none
  spx config translate @default.log --set log {config.region}-{id}-{run.time}.log
  spx config translate @default.log --add content.logging.enabled true

SEE ALSO

  spx help translate
