RECOGNIZE LOG

@include.the.recognize.command

@include.the.log.option

  The `--content logging enabled` option enables service level logging
  of the audio content and recognition results.

USAGE: spx recognize [...] --log FILENAME
   OR: spx recognize [...] --content logging enabled

  NOTE: Default SDK logging uses the `@log.time` preset template

    diagnostics.config.log.file=log-{run.time}.log

EXAMPLES

  spx recognize --file hello.wav --log log.log
  spx recognize --file hello.wav --log {id}.log
  spx recognize --file hello.wav --log {config.region}.log

  spx recognize --file hello.wav --content logging enabled

  spx config recognize @default.log --clear
  spx config recognize @default.log --set @@none
  spx config recognize @default.log --set log {config.region}-{id}-{run.time}.log
  spx config recognize @default.log --add content.logging.enabled true

SEE ALSO

  spx help recognize
