TRANSLATE OUTPUT

@include.the.translate.command

  Translation output approaches:
  (1) Per event output - Specified ITEMs are accumulated and output per event
  (2) Combined output - Specified ITEMs are accumulated and output per audio stream
  (3) Batch output - Translation output is similar to `spx batch` transcriptions
  
  For (1) and (2), one or more ITEMs from a large set of items may be chosen
  to output, in either JSON or TSV format.

  For (3), a fixed set of ITEMs are output, both combined and segmented by
  service determined utterance boundaries, as well as some stream summary
  information.

  (1) To use per event output, see: spx help translate output each
  (2) To use combined output, see: spx help translate output all
  (3) To use batch output, see spx help translate output batch

EXAMPLES

  spx translate --file hello.wav --source en-US --target de --output all id --output all sessionid --output all text
  spx translate --once --source en-US --target de --output each event --output all sessionid --output each text
  spx translate --once --source en-US --target de --output batch json --output batch file my.output.json

  spx config translate @default.output --clear
  spx config translate @default.output --add output.all.id true
  spx config translate @default.output --add output.all.sessionid true
  spx config translate @default.output --add output.all.text true

SEE ALSO

  spx help config
  spx help batch transcription
  spx help translate
